mode: set
P1/server/handler.go:21.86,22.21 1 1
P1/server/handler.go:22.21,24.3 1 1
P1/server/handler.go:27.2,30.20 4 1
P1/server/handler.go:30.20,32.3 1 1
P1/server/handler.go:34.2,34.15 1 1
P1/server/handler.go:40.20,42.12 2 0
P1/server/handler.go:42.12,44.4 1 0
P1/server/handler.go:45.3,47.19 3 0
P1/server/handler.go:49.18,51.17 2 0
P1/server/handler.go:51.17,53.4 1 0
P1/server/handler.go:54.3,56.19 3 0
P1/server/handler.go:58.18,60.17 2 0
P1/server/handler.go:60.17,62.4 1 0
P1/server/handler.go:63.3,65.19 3 0
P1/server/handler.go:71.21,76.34 4 0
P1/server/handler.go:76.34,78.4 1 0
P1/server/handler.go:80.3,81.17 2 0
P1/server/handler.go:81.17,84.4 2 0
P1/server/handler.go:86.3,87.19 2 0
P1/server/handler.go:89.21,91.17 2 0
P1/server/handler.go:91.17,93.4 1 0
P1/server/handler.go:95.3,96.17 2 0
P1/server/handler.go:96.17,99.4 2 0
P1/server/handler.go:101.3,102.19 2 0
P1/server/handler.go:108.17,110.19 2 1
P1/server/handler.go:112.20,114.19 2 0
P1/server/handler.go:116.15,118.17 2 0
P1/server/handler.go:118.17,120.4 1 0
P1/server/handler.go:121.3,123.19 3 0
P1/server/handler.go:125.17,132.19 6 0
P1/server/handler.go:138.19,144.19 5 0
P1/server/handler.go:146.16,150.19 4 0
P1/server/handler.go:152.19,157.19 5 0
P1/server/handler.go:163.15,165.19 2 1
P1/server/handler.go:169.18,171.12 2 1
P1/server/handler.go:171.12,173.4 1 1
P1/server/handler.go:175.3,176.17 2 1
P1/server/handler.go:176.17,178.4 1 0
P1/server/handler.go:180.3,180.67 1 1
P1/server/handler.go:182.17,184.12 2 1
P1/server/handler.go:184.12,186.4 1 0
P1/server/handler.go:187.3,188.17 2 1
P1/server/handler.go:188.17,190.4 1 0
P1/server/handler.go:191.3,191.66 1 1
P1/server/handler.go:193.13,196.17 3 1
P1/server/handler.go:196.17,198.4 1 0
P1/server/handler.go:199.3,199.72 1 1
P1/server/handler.go:201.21,207.17 5 0
P1/server/handler.go:207.17,209.4 1 0
P1/server/handler.go:211.3,212.35 1 0
P1/server/handler.go:214.20,219.17 4 0
P1/server/handler.go:219.17,221.4 1 0
P1/server/handler.go:223.3,223.86 1 0
P1/server/handler.go:230.19,234.17 3 0
P1/server/handler.go:234.17,236.4 1 0
P1/server/handler.go:238.3,239.17 2 0
P1/server/handler.go:239.17,241.4 1 0
P1/server/handler.go:243.3,244.38 1 0
P1/server/handler.go:247.20,249.17 2 1
P1/server/handler.go:249.17,251.4 1 0
P1/server/handler.go:253.3,254.17 2 1
P1/server/handler.go:254.17,256.4 1 0
P1/server/handler.go:258.3,259.30 1 1
P1/server/handler.go:261.15,264.34 3 1
P1/server/handler.go:264.34,266.4 1 1
P1/server/handler.go:268.3,269.17 2 1
P1/server/handler.go:269.17,271.4 1 0
P1/server/handler.go:273.3,274.32 1 1
P1/server/handler.go:276.19,280.17 3 0
P1/server/handler.go:280.17,282.4 1 0
P1/server/handler.go:284.3,285.17 2 0
P1/server/handler.go:285.17,287.4 1 0
P1/server/handler.go:289.3,290.23 1 0
P1/server/handler.go:292.19,296.17 2 0
P1/server/handler.go:296.17,298.4 1 0
P1/server/handler.go:300.3,301.17 2 0
P1/server/handler.go:301.17,303.4 1 0
P1/server/handler.go:305.3,306.15 1 0
P1/server/handler.go:311.22,313.17 2 1
P1/server/handler.go:313.17,315.4 1 1
P1/server/handler.go:318.3,320.18 3 1
P1/server/handler.go:321.15,322.24 1 0
P1/server/handler.go:323.14,324.23 1 0
P1/server/handler.go:325.11,326.26 1 1
P1/server/handler.go:329.3,330.17 2 1
P1/server/handler.go:330.17,333.4 2 0
P1/server/handler.go:335.3,336.19 2 1
P1/server/handler.go:338.22,340.15 2 1
P1/server/handler.go:340.15,342.4 1 0
P1/server/handler.go:344.3,345.17 2 1
P1/server/handler.go:345.17,347.4 1 1
P1/server/handler.go:349.3,350.27 2 1
P1/server/handler.go:352.22,354.15 2 1
P1/server/handler.go:354.15,356.4 1 0
P1/server/handler.go:358.3,359.17 2 1
P1/server/handler.go:359.17,361.4 1 1
P1/server/handler.go:363.3,364.27 2 0
P1/server/handler.go:366.22,368.15 2 1
P1/server/handler.go:368.15,370.4 1 0
P1/server/handler.go:372.3,373.17 2 1
P1/server/handler.go:373.17,376.4 2 1
P1/server/handler.go:378.3,379.19 2 0
P1/server/handler.go:385.18,393.27 4 1
P1/server/handler.go:397.23,399.32 2 0
P1/server/handler.go:401.10,402.48 1 1
P1/server/handler.go:411.64,413.17 2 1
P1/server/handler.go:413.17,415.3 1 1
P1/server/handler.go:416.2,417.16 2 1
P1/server/handler.go:417.16,419.3 1 1
P1/server/handler.go:420.2,420.12 1 1
P1/server/handler.go:423.73,425.17 2 1
P1/server/handler.go:425.17,427.3 1 1
P1/server/handler.go:428.2,428.14 1 1
P1/server/response.go:8.64,33.2 12 1
P1/server/server.go:18.65,21.2 1 0
P1/server/server.go:23.26,26.16 3 0
P1/server/server.go:26.16,27.13 1 0
P1/server/server.go:29.2,33.6 3 0
P1/server/server.go:33.6,35.17 2 0
P1/server/server.go:35.17,37.12 2 0
P1/server/server.go:40.3,45.37 5 0
P1/server/server.go:49.64,54.16 4 0
P1/server/server.go:54.16,57.3 2 0
P1/server/server.go:58.2,60.6 2 0
P1/server/server.go:60.6,62.37 2 0
P1/server/server.go:62.37,63.9 1 0
P1/server/server.go:67.2,70.30 4 0
P1/server/server.go:73.67,75.21 2 1
P1/server/server.go:75.21,77.3 1 1
P1/server/server.go:78.2,78.19 1 0
P1/tasks/cpubound.go:20.37,21.11 1 1
P1/tasks/cpubound.go:21.11,23.3 1 1
P1/tasks/cpubound.go:24.2,24.14 1 1
P1/tasks/cpubound.go:24.14,26.3 1 1
P1/tasks/cpubound.go:27.2,28.40 2 1
P1/tasks/cpubound.go:28.40,29.15 1 1
P1/tasks/cpubound.go:29.15,31.4 1 0
P1/tasks/cpubound.go:33.2,33.18 1 1
P1/tasks/cpubound.go:37.41,38.11 1 1
P1/tasks/cpubound.go:38.11,40.3 1 0
P1/tasks/cpubound.go:41.2,44.15 3 1
P1/tasks/cpubound.go:44.15,47.3 2 1
P1/tasks/cpubound.go:48.2,48.13 1 1
P1/tasks/cpubound.go:48.13,50.3 1 1
P1/tasks/cpubound.go:52.2,53.31 2 1
P1/tasks/cpubound.go:53.31,53.74 1 1
P1/tasks/cpubound.go:54.2,54.29 1 1
P1/tasks/cpubound.go:54.29,56.16 2 1
P1/tasks/cpubound.go:56.16,59.4 2 1
P1/tasks/cpubound.go:60.3,60.14 1 1
P1/tasks/cpubound.go:60.14,62.4 1 1
P1/tasks/cpubound.go:63.3,63.9 1 1
P1/tasks/cpubound.go:65.2,65.11 1 1
P1/tasks/cpubound.go:65.11,67.3 1 1
P1/tasks/cpubound.go:68.2,68.17 1 1
P1/tasks/cpubound.go:75.43,76.17 1 1
P1/tasks/cpubound.go:76.17,78.3 1 0
P1/tasks/cpubound.go:80.2,94.35 10 1
P1/tasks/cpubound.go:94.35,99.18 5 1
P1/tasks/cpubound.go:99.18,101.4 1 0
P1/tasks/cpubound.go:103.3,116.16 11 1
P1/tasks/cpubound.go:120.2,125.72 5 1
P1/tasks/cpubound.go:133.62,134.47 1 1
P1/tasks/cpubound.go:134.47,136.3 1 0
P1/tasks/cpubound.go:138.2,141.30 4 1
P1/tasks/cpubound.go:141.30,144.30 3 1
P1/tasks/cpubound.go:144.30,149.43 5 1
P1/tasks/cpubound.go:149.43,155.5 4 1
P1/tasks/cpubound.go:156.4,156.23 1 1
P1/tasks/cpubound.go:159.2,159.20 1 1
P1/tasks/cpubound.go:165.54,166.15 1 1
P1/tasks/cpubound.go:166.15,168.3 1 0
P1/tasks/cpubound.go:169.2,173.28 4 1
P1/tasks/cpubound.go:173.28,176.29 3 1
P1/tasks/cpubound.go:176.29,179.4 2 1
P1/tasks/cpubound.go:182.2,183.28 2 1
P1/tasks/cpubound.go:183.28,185.29 2 1
P1/tasks/cpubound.go:185.29,187.30 2 1
P1/tasks/cpubound.go:187.30,189.5 1 1
P1/tasks/cpubound.go:190.4,190.17 1 1
P1/tasks/cpubound.go:194.2,195.28 2 1
P1/tasks/cpubound.go:195.28,196.29 1 1
P1/tasks/cpubound.go:196.29,199.4 1 1
P1/tasks/cpubound.go:201.2,201.44 1 1
P1/tasks/iobound.go:33.82,37.16 3 1
P1/tasks/iobound.go:37.16,39.3 1 0
P1/tasks/iobound.go:40.2,44.16 3 1
P1/tasks/iobound.go:44.16,46.3 1 0
P1/tasks/iobound.go:47.2,57.38 8 1
P1/tasks/iobound.go:57.38,60.21 2 1
P1/tasks/iobound.go:60.21,62.18 2 1
P1/tasks/iobound.go:62.18,63.13 1 0
P1/tasks/iobound.go:65.4,66.16 2 1
P1/tasks/iobound.go:66.16,68.5 1 0
P1/tasks/iobound.go:69.4,69.26 1 1
P1/tasks/iobound.go:71.3,71.38 1 1
P1/tasks/iobound.go:71.38,73.4 1 0
P1/tasks/iobound.go:74.3,77.17 4 1
P1/tasks/iobound.go:77.17,79.4 1 0
P1/tasks/iobound.go:80.3,80.26 1 1
P1/tasks/iobound.go:80.26,82.4 1 1
P1/tasks/iobound.go:83.3,84.52 2 1
P1/tasks/iobound.go:88.2,90.20 3 1
P1/tasks/iobound.go:90.20,92.17 2 1
P1/tasks/iobound.go:92.17,93.12 1 0
P1/tasks/iobound.go:95.3,96.15 2 1
P1/tasks/iobound.go:96.15,98.4 1 0
P1/tasks/iobound.go:99.3,101.33 3 1
P1/tasks/iobound.go:101.33,104.61 3 0
P1/tasks/iobound.go:104.61,106.5 1 0
P1/tasks/iobound.go:107.4,109.16 3 0
P1/tasks/iobound.go:112.2,112.23 1 1
P1/tasks/iobound.go:112.23,115.60 3 1
P1/tasks/iobound.go:115.60,117.4 1 0
P1/tasks/iobound.go:118.3,118.45 1 1
P1/tasks/iobound.go:121.2,121.37 1 1
P1/tasks/iobound.go:121.37,123.3 1 0
P1/tasks/iobound.go:126.2,126.26 1 1
P1/tasks/iobound.go:126.26,128.55 2 1
P1/tasks/iobound.go:128.55,130.4 1 0
P1/tasks/iobound.go:131.3,131.52 1 1
P1/tasks/iobound.go:135.2,137.16 3 0
P1/tasks/iobound.go:137.16,139.3 1 0
P1/tasks/iobound.go:140.2,142.55 2 0
P1/tasks/iobound.go:142.55,144.3 1 0
P1/tasks/iobound.go:146.2,147.30 2 0
P1/tasks/iobound.go:150.51,152.16 2 1
P1/tasks/iobound.go:152.16,154.3 1 0
P1/tasks/iobound.go:155.2,157.25 3 1
P1/tasks/iobound.go:157.25,159.3 1 1
P1/tasks/iobound.go:160.2,160.18 1 1
P1/tasks/iobound.go:172.39,172.56 1 0
P1/tasks/iobound.go:173.39,173.69 1 0
P1/tasks/iobound.go:174.39,174.66 1 0
P1/tasks/iobound.go:175.39,175.76 1 0
P1/tasks/iobound.go:176.37,182.2 5 0
P1/tasks/iobound.go:184.58,188.31 3 0
P1/tasks/iobound.go:188.31,190.17 2 0
P1/tasks/iobound.go:190.17,192.4 1 0
P1/tasks/iobound.go:193.3,197.16 4 0
P1/tasks/iobound.go:197.16,199.18 2 0
P1/tasks/iobound.go:199.18,202.5 2 0
P1/tasks/iobound.go:203.4,204.20 2 0
P1/tasks/iobound.go:205.9,207.4 1 0
P1/tasks/iobound.go:209.2,210.18 2 0
P1/tasks/iobound.go:210.18,213.19 3 0
P1/tasks/iobound.go:213.19,215.18 2 0
P1/tasks/iobound.go:215.18,217.5 1 0
P1/tasks/iobound.go:218.4,219.20 2 0
P1/tasks/iobound.go:220.9,222.4 1 0
P1/tasks/iobound.go:224.2,224.18 1 0
P1/tasks/iobound.go:230.73,232.16 2 1
P1/tasks/iobound.go:232.16,234.3 1 0
P1/tasks/iobound.go:235.2,239.6 4 1
P1/tasks/iobound.go:239.6,242.12 3 1
P1/tasks/iobound.go:242.12,244.27 2 1
P1/tasks/iobound.go:244.27,246.18 2 1
P1/tasks/iobound.go:246.18,248.6 1 1
P1/tasks/iobound.go:249.5,249.68 1 1
P1/tasks/iobound.go:249.68,252.6 2 1
P1/tasks/iobound.go:252.11,252.66 1 1
P1/tasks/iobound.go:252.66,254.6 1 1
P1/tasks/iobound.go:257.3,257.18 1 1
P1/tasks/iobound.go:257.18,258.14 1 1
P1/tasks/iobound.go:258.14,260.5 1 0
P1/tasks/iobound.go:261.4,261.9 1 1
P1/tasks/iobound.go:263.3,263.15 1 1
P1/tasks/iobound.go:263.15,265.4 1 0
P1/tasks/iobound.go:267.2,267.38 1 1
P1/tasks/iobound.go:273.76,275.16 2 1
P1/tasks/iobound.go:275.16,277.3 1 0
P1/tasks/iobound.go:278.2,279.16 2 1
P1/tasks/iobound.go:279.16,281.3 1 0
P1/tasks/iobound.go:282.2,285.16 3 1
P1/tasks/iobound.go:285.16,287.38 2 1
P1/tasks/iobound.go:287.38,289.25 2 1
P1/tasks/iobound.go:289.25,291.5 1 1
P1/tasks/iobound.go:294.2,294.21 1 1
P1/tasks/iobound.go:294.21,296.3 1 0
P1/tasks/iobound.go:297.2,297.28 1 1
P1/tasks/iobound.go:304.78,305.32 1 1
P1/tasks/iobound.go:306.20,308.17 2 1
P1/tasks/iobound.go:308.17,310.4 1 0
P1/tasks/iobound.go:311.3,314.17 4 1
P1/tasks/iobound.go:314.17,316.4 1 0
P1/tasks/iobound.go:317.3,320.44 4 1
P1/tasks/iobound.go:320.44,322.4 1 0
P1/tasks/iobound.go:323.3,323.46 1 1
P1/tasks/iobound.go:323.46,325.4 1 1
P1/tasks/iobound.go:326.3,326.25 1 0
P1/tasks/iobound.go:327.12,332.17 4 0
P1/tasks/iobound.go:332.17,334.4 1 0
P1/tasks/iobound.go:335.3,337.35 3 0
P1/tasks/iobound.go:337.35,339.4 1 0
P1/tasks/iobound.go:340.3,340.46 1 0
P1/tasks/iobound.go:340.46,342.4 1 0
P1/tasks/iobound.go:343.3,343.25 1 0
P1/tasks/iobound.go:344.10,345.59 1 0
P1/tasks/iobound.go:352.44,355.16 2 1
P1/tasks/iobound.go:355.16,357.3 1 0
P1/tasks/iobound.go:358.2,360.41 3 1
P1/tasks/iobound.go:360.41,362.3 1 0
P1/tasks/iobound.go:363.2,363.44 1 1
P1/tasks/tasks.go:12.31,14.2 1 1
P1/tasks/tasks.go:17.31,19.54 2 1
P1/tasks/tasks.go:19.54,21.3 1 1
P1/tasks/tasks.go:22.2,22.22 1 1
P1/tasks/tasks.go:25.27,26.12 1 1
P1/tasks/tasks.go:26.12,28.3 1 1
P1/tasks/tasks.go:29.2,29.40 1 1
P1/tasks/tasks.go:34.57,36.16 2 1
P1/tasks/tasks.go:36.16,38.3 1 0
P1/tasks/tasks.go:39.2,41.30 2 1
P1/tasks/tasks.go:41.30,43.17 2 1
P1/tasks/tasks.go:43.17,45.4 1 0
P1/tasks/tasks.go:47.2,47.12 1 1
P1/tasks/tasks.go:51.36,53.2 1 1
P1/tasks/tasks.go:59.58,65.2 2 1
P1/tasks/tasks.go:68.25,70.2 1 0
P1/tasks/tasks.go:73.31,76.2 2 1
P1/tasks/tasks.go:79.47,82.29 3 1
P1/tasks/tasks.go:82.29,84.3 1 1
P1/tasks/tasks.go:85.2,85.15 1 1
P1/tasks/tasks.go:91.25,93.2 1 0
P1/tasks/tasks.go:96.52,100.2 3 0
P1/tasks/tasks.go:103.47,107.29 3 0
P1/tasks/tasks.go:107.29,108.19 1 0
P1/tasks/tasks.go:108.19,111.4 2 0
P1/tasks/tasks.go:114.2,114.29 1 0
P1/tasks/tasks.go:114.29,116.3 1 0
P1/tasks/tasks.go:118.2,120.32 2 0
P1/tasks/tasks.go:127.20,145.2 1 0
P1/jobs/manager.go:61.75,73.41 2 1
P1/jobs/manager.go:73.41,74.66 1 0
P1/jobs/manager.go:74.66,76.4 1 0
P1/jobs/manager.go:80.2,81.10 2 1
P1/jobs/manager.go:87.102,88.18 1 1
P1/jobs/manager.go:88.18,90.3 1 0
P1/jobs/manager.go:91.2,91.21 1 1
P1/jobs/manager.go:91.21,93.3 1 0
P1/jobs/manager.go:95.2,103.15 7 1
P1/jobs/manager.go:109.103,113.9 4 1
P1/jobs/manager.go:113.9,115.3 1 0
P1/jobs/manager.go:117.2,118.27 2 1
P1/jobs/manager.go:118.27,119.17 1 1
P1/jobs/manager.go:119.17,121.4 1 1
P1/jobs/manager.go:124.2,135.9 2 1
P1/jobs/manager.go:136.26,136.26 0 1
P1/jobs/manager.go:137.10,138.33 1 1
P1/jobs/manager.go:141.2,146.28 5 1
P1/jobs/manager.go:152.36,156.9 4 1
P1/jobs/manager.go:156.9,159.3 2 0
P1/jobs/manager.go:161.2,161.15 1 1
P1/jobs/manager.go:161.15,162.31 1 1
P1/jobs/manager.go:162.31,164.4 1 0
P1/jobs/manager.go:168.2,172.12 3 1
P1/jobs/manager.go:172.12,174.17 2 1
P1/jobs/manager.go:174.17,177.4 2 0
P1/jobs/manager.go:178.3,178.18 1 1
P1/jobs/manager.go:181.2,182.18 2 1
P1/jobs/manager.go:182.18,184.3 1 0
P1/jobs/manager.go:186.2,186.9 1 1
P1/jobs/manager.go:187.25,188.34 1 1
P1/jobs/manager.go:189.22,190.33 1 0
P1/jobs/manager.go:191.29,192.68 1 0
P1/jobs/manager.go:198.34,204.9 5 0
P1/jobs/manager.go:204.9,207.3 2 0
P1/jobs/manager.go:209.2,212.12 3 0
P1/jobs/manager.go:212.12,214.17 2 0
P1/jobs/manager.go:214.17,217.4 2 0
P1/jobs/manager.go:218.3,218.18 1 0
P1/jobs/manager.go:221.2,222.18 2 0
P1/jobs/manager.go:222.18,224.3 1 0
P1/jobs/manager.go:226.2,226.9 1 0
P1/jobs/manager.go:227.25,229.14 2 0
P1/jobs/manager.go:230.22,232.14 2 0
P1/jobs/manager.go:233.29,235.14 2 0
P1/jobs/manager.go:242.57,245.32 3 1
P1/jobs/manager.go:245.32,248.3 2 1
P1/jobs/manager.go:251.59,254.32 3 1
P1/jobs/manager.go:254.32,259.3 4 1
P1/jobs/manager.go:262.60,265.32 3 0
P1/jobs/manager.go:265.32,270.3 4 0
P1/jobs/manager.go:273.57,277.9 4 1
P1/jobs/manager.go:277.9,279.3 1 1
P1/jobs/manager.go:280.2,281.17 2 1
P1/jobs/manager.go:284.57,286.2 1 1
P1/jobs/manager.go:288.59,292.9 4 1
P1/jobs/manager.go:292.9,294.3 1 0
P1/jobs/manager.go:295.2,295.59 1 1
P1/jobs/manager.go:295.59,297.3 1 1
P1/jobs/manager.go:298.2,302.22 5 1
P1/jobs/manager.go:308.29,309.18 1 1
P1/jobs/manager.go:309.18,311.3 1 1
P1/jobs/manager.go:313.2,317.16 4 1
P1/jobs/manager.go:317.16,319.3 1 1
P1/jobs/manager.go:322.33,325.6 3 1
P1/jobs/manager.go:325.6,326.10 1 1
P1/jobs/manager.go:327.24,328.10 1 1
P1/jobs/manager.go:329.14,330.19 1 0
P1/jobs/manager.go:335.33,336.16 1 0
P1/jobs/manager.go:336.16,338.3 1 0
P1/jobs/manager.go:339.2,343.28 4 0
P1/jobs/manager.go:343.28,344.115 1 0
P1/jobs/manager.go:344.115,347.4 2 0
P1/jobs/manager.go:349.2,350.13 2 0
P1/jobs/manager.go:350.13,352.3 1 0
P1/jobs/manager.go:358.48,360.34 2 0
P1/jobs/manager.go:360.34,362.3 1 0
P1/jobs/manager.go:363.2,363.12 1 0
P1/jobs/manager.go:366.47,368.34 2 0
P1/jobs/manager.go:368.34,370.3 1 0
P1/jobs/manager.go:371.2,371.12 1 0
P1/jobs/manager.go:375.50,379.30 4 0
P1/jobs/manager.go:379.30,381.6 1 0
P1/jobs/manager.go:382.5,382.16 1 0
P1/jobs/manager.go:388.27,390.31 2 1
P1/jobs/manager.go:390.31,392.3 1 1
P1/jobs/manager.go:398.21,400.2 1 1
P1/jobs/manager.go:405.33,406.16 1 0
P1/jobs/manager.go:406.16,408.3 1 0
P1/jobs/manager.go:410.2,415.30 5 0
P1/jobs/manager.go:415.30,416.21 1 0
P1/jobs/manager.go:417.48,419.36 1 0
P1/jobs/manager.go:419.36,422.5 2 0
P1/jobs/manager.go:424.22,426.36 1 0
P1/jobs/manager.go:426.36,432.5 5 0
P1/jobs/manager.go:436.2,436.13 1 0
P1/jobs/manager.go:436.13,439.3 2 0
P1/jobs/worker_pool.go:24.93,33.2 1 1
P1/jobs/worker_pool.go:37.30,38.33 1 1
P1/jobs/worker_pool.go:38.33,40.3 1 1
P1/jobs/worker_pool.go:41.2,41.76 1 1
P1/jobs/worker_pool.go:46.37,48.6 2 1
P1/jobs/worker_pool.go:48.6,49.10 1 1
P1/jobs/worker_pool.go:50.21,52.10 2 1
P1/jobs/worker_pool.go:53.29,54.11 1 1
P1/jobs/worker_pool.go:54.11,57.5 2 1
P1/jobs/worker_pool.go:59.4,72.34 8 1
P1/jobs/worker_pool.go:74.3,76.55 3 1
P1/jobs/worker_pool.go:82.29,86.2 3 1
P1/jobs/worker_pool.go:90.45,92.21 2 0
P1/jobs/worker_pool.go:92.21,94.3 1 0
P1/jobs/worker_pool.go:95.2,101.3 1 0
